<?xml version="1.0"?><coverage lines-covered="306" lines-valid="618" line-rate="0.49514563106796117" branches-covered="0" branches-valid="0" branch-rate="0" complexity="0" version="1.9" timestamp="1770170287"><sources><source>/home/jani/devel/mindmap-cli</source></sources><packages><package name="src" line-rate="0.49514563106796117" branch-rate="0" complexity="0"><classes><class name="lib" filename="src/lib.rs" line-rate="0.4511545293072824" branch-rate="0" complexity="0"><methods/><lines><line number="149" hits="1"/><line number="150" hits="19"/><line number="152" hits="16"/><line number="153" hits="8"/><line number="154" hits="8"/><line number="159" hits="11"/><line number="160" hits="12"/><line number="161" hits="2"/><line number="162" hits="1"/><line number="165" hits="8"/><line number="166" hits="32"/><line number="168" hits="8"/><line number="169" hits="8"/><line number="171" hits="16"/><line number="172" hits="24"/><line number="173" hits="16"/><line number="174" hits="1"/><line number="176" hits="16"/><line number="177" hits="8"/><line number="181" hits="6"/><line number="182" hits="6"/><line number="183" hits="6"/><line number="184" hits="6"/><line number="185" hits="6"/><line number="189" hits="1"/><line number="191" hits="13"/><line number="192" hits="11"/><line number="193" hits="11"/><line number="198" hits="1"/><line number="199" hits="0"/><line number="201" hits="14"/><line number="202" hits="12"/><line number="203" hits="2"/><line number="204" hits="1"/><line number="205" hits="2"/><line number="207" hits="2"/><line number="208" hits="1"/><line number="209" hits="2"/><line number="210" hits="2"/><line number="211" hits="1"/><line number="214" hits="1"/><line number="215" hits="1"/><line number="218" hits="2"/><line number="219" hits="6"/><line number="225" hits="9"/><line number="227" hits="9"/><line number="228" hits="20"/><line number="229" hits="13"/><line number="233" hits="19"/><line number="234" hits="8"/><line number="235" hits="0"/><line number="238" hits="8"/><line number="239" hits="9"/><line number="242" hits="8"/><line number="243" hits="8"/><line number="244" hits="24"/><line number="245" hits="8"/><line number="247" hits="0"/><line number="251" hits="16"/><line number="252" hits="0"/><line number="254" hits="27"/><line number="257" hits="8"/><line number="258" hits="8"/><line number="259" hits="8"/><line number="260" hits="0"/><line number="262" hits="8"/><line number="263" hits="46"/><line number="266" hits="16"/><line number="267" hits="0"/><line number="269" hits="38"/><line number="271" hits="16"/><line number="274" hits="16"/><line number="276" hits="8"/><line number="277" hits="0"/><line number="278" hits="8"/><line number="279" hits="30"/><line number="280" hits="0"/><line number="281" hits="0"/><line number="287" hits="8"/><line number="288" hits="8"/><line number="289" hits="8"/><line number="290" hits="16"/><line number="292" hits="8"/><line number="293" hits="13"/><line number="294" hits="4"/><line number="295" hits="13"/><line number="296" hits="4"/><line number="297" hits="2"/><line number="298" hits="7"/><line number="299" hits="2"/><line number="300" hits="2"/><line number="302" hits="2"/><line number="304" hits="3"/><line number="305" hits="0"/><line number="307" hits="11"/><line number="310" hits="0"/><line number="313" hits="8"/><line number="318" hits="1"/><line number="319" hits="1"/><line number="320" hits="1"/><line number="322" hits="11"/><line number="326" hits="4"/><line number="327" hits="2"/><line number="328" hits="2"/><line number="329" hits="1"/><line number="332" hits="1"/><line number="333" hits="2"/><line number="335" hits="1"/><line number="337" hits="1"/><line number="341" hits="0"/><line number="342" hits="0"/><line number="343" hits="3"/><line number="344" hits="0"/><line number="345" hits="1"/><line number="347" hits="1"/><line number="349" hits="0"/><line number="350" hits="1"/><line number="351" hits="0"/><line number="352" hits="0"/><line number="354" hits="0"/><line number="357" hits="0"/><line number="358" hits="0"/><line number="359" hits="0"/><line number="362" hits="0"/><line number="365" hits="1"/><line number="366" hits="1"/><line number="367" hits="5"/><line number="368" hits="2"/><line number="369" hits="1"/><line number="370" hits="0"/><line number="371" hits="0"/><line number="375" hits="4"/><line number="378" hits="1"/><line number="379" hits="3"/><line number="382" hits="1"/><line number="383" hits="1"/><line number="384" hits="4"/><line number="385" hits="2"/><line number="386" hits="2"/><line number="388" hits="2"/><line number="389" hits="0"/><line number="390" hits="0"/><line number="394" hits="1"/><line number="397" hits="1"/><line number="398" hits="1"/><line number="399" hits="1"/><line number="400" hits="2"/><line number="402" hits="3"/><line number="404" hits="2"/><line number="405" hits="3"/><line number="410" hits="2"/><line number="414" hits="3"/><line number="415" hits="3"/><line number="417" hits="1"/><line number="420" hits="2"/><line number="422" hits="1"/><line number="423" hits="2"/><line number="424" hits="0"/><line number="428" hits="0"/><line number="429" hits="0"/><line number="432" hits="0"/><line number="433" hits="0"/><line number="435" hits="0"/><line number="436" hits="0"/><line number="439" hits="0"/><line number="440" hits="0"/><line number="442" hits="0"/><line number="443" hits="0"/><line number="444" hits="0"/><line number="448" hits="0"/><line number="449" hits="0"/><line number="451" hits="0"/><line number="452" hits="0"/><line number="454" hits="0"/><line number="455" hits="0"/><line number="457" hits="0"/><line number="458" hits="0"/><line number="459" hits="0"/><line number="462" hits="0"/><line number="465" hits="0"/><line number="466" hits="0"/><line number="467" hits="0"/><line number="468" hits="0"/><line number="469" hits="0"/><line number="473" hits="0"/><line number="474" hits="0"/><line number="475" hits="0"/><line number="476" hits="0"/><line number="477" hits="0"/><line number="478" hits="0"/><line number="485" hits="0"/><line number="486" hits="0"/><line number="488" hits="0"/><line number="489" hits="0"/><line number="490" hits="0"/><line number="491" hits="0"/><line number="494" hits="0"/><line number="495" hits="0"/><line number="497" hits="0"/><line number="500" hits="1"/><line number="501" hits="2"/><line number="502" hits="0"/><line number="503" hits="1"/><line number="504" hits="1"/><line number="506" hits="1"/><line number="507" hits="0"/><line number="513" hits="1"/><line number="514" hits="2"/><line number="515" hits="12"/><line number="516" hits="2"/><line number="517" hits="0"/><line number="518" hits="22"/><line number="522" hits="23"/><line number="525" hits="23"/><line number="526" hits="2"/><line number="527" hits="0"/><line number="528" hits="1"/><line number="529" hits="1"/><line number="530" hits="1"/><line number="532" hits="1"/><line number="533" hits="3"/><line number="534" hits="2"/><line number="535" hits="0"/><line number="537" hits="2"/><line number="539" hits="3"/><line number="540" hits="0"/><line number="541" hits="0"/><line number="544" hits="1"/><line number="547" hits="0"/><line number="548" hits="0"/><line number="549" hits="0"/><line number="550" hits="0"/><line number="551" hits="0"/><line number="552" hits="0"/><line number="555" hits="0"/><line number="558" hits="0"/><line number="559" hits="0"/><line number="561" hits="0"/><line number="563" hits="0"/><line number="566" hits="0"/><line number="567" hits="0"/><line number="569" hits="0"/><line number="570" hits="0"/><line number="571" hits="0"/><line number="575" hits="0"/><line number="576" hits="0"/><line number="579" hits="0"/><line number="580" hits="0"/><line number="581" hits="0"/><line number="585" hits="0"/><line number="586" hits="0"/><line number="587" hits="0"/><line number="588" hits="0"/><line number="591" hits="0"/><line number="592" hits="0"/><line number="593" hits="0"/><line number="594" hits="0"/><line number="596" hits="11"/><line number="599" hits="1"/><line number="601" hits="3"/><line number="602" hits="0"/><line number="603" hits="1"/><line number="604" hits="4"/><line number="606" hits="1"/><line number="607" hits="1"/><line number="608" hits="0"/><line number="612" hits="1"/><line number="613" hits="0"/><line number="614" hits="0"/><line number="615" hits="0"/><line number="616" hits="0"/><line number="624" hits="13"/><line number="625" hits="12"/><line number="626" hits="12"/><line number="627" hits="23"/><line number="628" hits="1"/><line number="630" hits="1"/><line number="633" hits="1"/><line number="641" hits="3"/><line number="642" hits="0"/><line number="643" hits="1"/><line number="644" hits="4"/><line number="645" hits="1"/><line number="648" hits="1"/><line number="649" hits="1"/><line number="650" hits="2"/><line number="651" hits="1"/><line number="652" hits="2"/><line number="655" hits="1"/><line number="656" hits="1"/><line number="657" hits="1"/><line number="660" hits="1"/><line number="661" hits="0"/><line number="663" hits="1"/><line number="666" hits="2"/><line number="669" hits="2"/><line number="670" hits="1"/><line number="671" hits="0"/><line number="674" hits="1"/><line number="675" hits="0"/><line number="676" hits="0"/><line number="677" hits="0"/><line number="678" hits="0"/><line number="679" hits="0"/><line number="686" hits="1"/><line number="687" hits="1"/><line number="688" hits="1"/><line number="689" hits="1"/><line number="690" hits="1"/><line number="692" hits="1"/><line number="695" hits="0"/><line number="697" hits="0"/><line number="698" hits="0"/><line number="699" hits="0"/><line number="700" hits="0"/><line number="703" hits="0"/><line number="704" hits="0"/><line number="705" hits="0"/><line number="706" hits="3"/><line number="709" hits="0"/><line number="710" hits="0"/><line number="711" hits="0"/><line number="712" hits="0"/><line number="717" hits="0"/><line number="718" hits="0"/><line number="721" hits="0"/><line number="724" hits="0"/><line number="725" hits="9"/><line number="727" hits="0"/><line number="728" hits="0"/><line number="730" hits="0"/><line number="733" hits="0"/><line number="736" hits="4"/><line number="737" hits="1"/><line number="740" hits="2"/><line number="741" hits="2"/><line number="742" hits="1"/><line number="743" hits="2"/><line number="744" hits="0"/><line number="745" hits="1"/><line number="751" hits="1"/><line number="752" hits="2"/><line number="753" hits="3"/><line number="754" hits="2"/><line number="757" hits="1"/><line number="758" hits="2"/><line number="759" hits="1"/><line number="761" hits="0"/><line number="767" hits="1"/><line number="768" hits="2"/><line number="769" hits="0"/><line number="770" hits="0"/><line number="771" hits="0"/><line number="772" hits="6"/><line number="778" hits="2"/><line number="779" hits="3"/><line number="781" hits="4"/><line number="785" hits="1"/><line number="786" hits="1"/><line number="789" hits="1"/><line number="790" hits="2"/><line number="791" hits="2"/><line number="793" hits="1"/><line number="794" hits="2"/><line number="795" hits="0"/><line number="796" hits="0"/><line number="800" hits="1"/><line number="801" hits="2"/><line number="802" hits="1"/><line number="803" hits="1"/><line number="804" hits="3"/><line number="805" hits="1"/><line number="809" hits="2"/><line number="810" hits="0"/><line number="812" hits="1"/><line number="816" hits="0"/><line number="817" hits="0"/><line number="820" hits="0"/><line number="821" hits="0"/><line number="823" hits="0"/><line number="827" hits="0"/><line number="828" hits="0"/><line number="829" hits="0"/><line number="830" hits="0"/><line number="831" hits="0"/><line number="832" hits="0"/><line number="833" hits="0"/><line number="835" hits="3"/><line number="836" hits="3"/><line number="837" hits="0"/><line number="839" hits="0"/><line number="842" hits="0"/><line number="846" hits="0"/><line number="847" hits="0"/><line number="848" hits="0"/><line number="849" hits="0"/><line number="853" hits="3"/><line number="854" hits="0"/><line number="855" hits="3"/><line number="856" hits="3"/><line number="857" hits="3"/><line number="858" hits="3"/><line number="859" hits="0"/><line number="860" hits="15"/><line number="861" hits="0"/><line number="862" hits="6"/><line number="864" hits="3"/><line number="867" hits="0"/><line number="870" hits="3"/><line number="871" hits="3"/><line number="872" hits="0"/><line number="873" hits="0"/><line number="877" hits="0"/><line number="878" hits="0"/><line number="880" hits="3"/><line number="884" hits="0"/><line number="885" hits="0"/><line number="890" hits="0"/><line number="892" hits="0"/><line number="893" hits="3"/><line number="894" hits="6"/><line number="895" hits="3"/><line number="897" hits="0"/><line number="899" hits="0"/><line number="900" hits="0"/><line number="901" hits="3"/><line number="902" hits="0"/><line number="904" hits="0"/><line number="905" hits="0"/><line number="909" hits="0"/><line number="910" hits="0"/><line number="911" hits="0"/><line number="912" hits="0"/><line number="913" hits="3"/><line number="914" hits="3"/><line number="915" hits="3"/><line number="917" hits="0"/><line number="918" hits="0"/><line number="922" hits="0"/><line number="923" hits="0"/><line number="924" hits="0"/><line number="925" hits="0"/><line number="926" hits="0"/><line number="927" hits="0"/><line number="928" hits="0"/><line number="930" hits="0"/><line number="933" hits="0"/><line number="935" hits="0"/><line number="936" hits="0"/><line number="937" hits="0"/><line number="938" hits="0"/><line number="939" hits="0"/><line number="940" hits="0"/><line number="941" hits="0"/><line number="943" hits="0"/><line number="944" hits="0"/><line number="948" hits="0"/><line number="954" hits="0"/><line number="955" hits="0"/><line number="957" hits="0"/><line number="958" hits="0"/><line number="959" hits="0"/><line number="960" hits="0"/><line number="961" hits="0"/><line number="962" hits="0"/><line number="964" hits="0"/><line number="965" hits="0"/><line number="967" hits="0"/><line number="969" hits="0"/><line number="971" hits="0"/><line number="972" hits="0"/><line number="973" hits="0"/><line number="976" hits="0"/><line number="977" hits="0"/><line number="978" hits="0"/><line number="979" hits="0"/><line number="980" hits="0"/><line number="982" hits="0"/><line number="983" hits="0"/><line number="985" hits="0"/><line number="987" hits="0"/><line number="988" hits="0"/><line number="989" hits="0"/><line number="994" hits="0"/><line number="995" hits="0"/><line number="996" hits="0"/><line number="998" hits="0"/><line number="999" hits="0"/><line number="1000" hits="0"/><line number="1001" hits="0"/><line number="1003" hits="0"/><line number="1004" hits="0"/><line number="1006" hits="0"/><line number="1008" hits="0"/><line number="1009" hits="0"/><line number="1010" hits="0"/><line number="1012" hits="0"/><line number="1013" hits="0"/><line number="1014" hits="0"/><line number="1015" hits="0"/><line number="1016" hits="0"/><line number="1018" hits="0"/><line number="1019" hits="0"/><line number="1021" hits="0"/><line number="1023" hits="0"/><line number="1030" hits="0"/><line number="1031" hits="0"/><line number="1035" hits="0"/><line number="1036" hits="0"/><line number="1037" hits="0"/><line number="1038" hits="0"/><line number="1039" hits="0"/><line number="1041" hits="0"/><line number="1042" hits="3"/><line number="1043" hits="3"/><line number="1045" hits="0"/><line number="1046" hits="0"/><line number="1048" hits="0"/><line number="1050" hits="3"/><line number="1051" hits="0"/><line number="1052" hits="0"/><line number="1054" hits="0"/><line number="1055" hits="0"/><line number="1056" hits="0"/><line number="1057" hits="0"/><line number="1059" hits="0"/><line number="1060" hits="0"/><line number="1062" hits="0"/><line number="1064" hits="0"/><line number="1065" hits="0"/><line number="1066" hits="0"/><line number="1068" hits="0"/><line number="1069" hits="0"/><line number="1070" hits="0"/><line number="1071" hits="0"/><line number="1073" hits="0"/><line number="1074" hits="0"/><line number="1076" hits="3"/><line number="1078" hits="0"/><line number="1079" hits="0"/><line number="1080" hits="3"/><line number="1082" hits="0"/><line number="1083" hits="0"/><line number="1084" hits="0"/><line number="1085" hits="0"/><line number="1086" hits="0"/><line number="1088" hits="0"/><line number="1091" hits="0"/><line number="1092" hits="0"/><line number="1093" hits="0"/><line number="1094" hits="0"/><line number="1096" hits="0"/><line number="1097" hits="0"/><line number="1101" hits="0"/><line number="1102" hits="0"/><line number="1103" hits="0"/><line number="1104" hits="0"/><line number="1105" hits="0"/><line number="1106" hits="0"/><line number="1107" hits="0"/><line number="1109" hits="0"/><line number="1110" hits="0"/><line number="1116" hits="0"/></lines></class><class name="main" filename="src/main.rs" line-rate="0" branch-rate="0" complexity="0"><methods/><lines><line number="4" hits="0"/><line number="5" hits="0"/><line number="6" hits="0"/></lines></class><class name="ui" filename="src/ui.rs" line-rate="1" branch-rate="0" complexity="0"><methods/><lines><line number="22" hits="1"/><line number="24" hits="1"/><line number="26" hits="1"/><line number="29" hits="1"/><line number="32" hits="1"/><line number="33" hits="1"/><line number="34" hits="1"/><line number="38" hits="1"/><line number="39" hits="1"/><line number="40" hits="1"/><line number="46" hits="1"/><line number="47" hits="2"/><line number="48" hits="1"/><line number="53" hits="1"/><line number="54" hits="2"/><line number="55" hits="1"/><line number="60" hits="1"/><line number="61" hits="1"/><line number="62" hits="2"/><line number="66" hits="1"/><line number="67" hits="2"/><line number="68" hits="1"/><line number="73" hits="1"/><line number="75" hits="1"/><line number="76" hits="1"/><line number="78" hits="1"/><line number="79" hits="2"/><line number="80" hits="1"/><line number="96" hits="1"/><line number="97" hits="1"/><line number="98" hits="1"/><line number="99" hits="1"/><line number="100" hits="1"/><line number="102" hits="1"/><line number="103" hits="1"/><line number="108" hits="1"/><line number="109" hits="2"/><line number="110" hits="1"/><line number="115" hits="1"/><line number="116" hits="2"/><line number="117" hits="1"/><line number="122" hits="1"/><line number="123" hits="1"/><line number="127" hits="1"/><line number="128" hits="2"/><line number="129" hits="1"/><line number="134" hits="1"/><line number="135" hits="1"/><line number="136" hits="1"/><line number="138" hits="1"/><line number="139" hits="2"/><line number="140" hits="1"/></lines></class></classes></package></packages></coverage>