<?xml version="1.0"?><coverage lines-covered="317" lines-valid="647" line-rate="0.4899536321483771" branches-covered="0" branches-valid="0" branch-rate="0" complexity="0" version="1.9" timestamp="1770171931"><sources><source>/home/jani/devel/mindmap-cli</source></sources><packages><package name="src" line-rate="0.4899536321483771" branch-rate="0" complexity="0"><classes><class name="lib" filename="src/lib.rs" line-rate="0.44763513513513514" branch-rate="0" complexity="0"><methods/><lines><line number="153" hits="0"/><line number="154" hits="8"/><line number="156" hits="38"/><line number="157" hits="19"/><line number="158" hits="19"/><line number="163" hits="1"/><line number="164" hits="1"/><line number="165" hits="2"/><line number="166" hits="1"/><line number="169" hits="8"/><line number="170" hits="32"/><line number="172" hits="8"/><line number="173" hits="8"/><line number="175" hits="16"/><line number="176" hits="24"/><line number="177" hits="16"/><line number="178" hits="1"/><line number="180" hits="16"/><line number="181" hits="8"/><line number="185" hits="6"/><line number="186" hits="7"/><line number="187" hits="7"/><line number="188" hits="18"/><line number="189" hits="6"/><line number="193" hits="13"/><line number="195" hits="2"/><line number="196" hits="1"/><line number="197" hits="0"/><line number="202" hits="12"/><line number="203" hits="0"/><line number="205" hits="3"/><line number="206" hits="1"/><line number="207" hits="2"/><line number="208" hits="1"/><line number="209" hits="2"/><line number="211" hits="2"/><line number="212" hits="1"/><line number="213" hits="2"/><line number="214" hits="2"/><line number="215" hits="1"/><line number="218" hits="2"/><line number="219" hits="2"/><line number="222" hits="5"/><line number="223" hits="4"/><line number="229" hits="20"/><line number="231" hits="33"/><line number="232" hits="30"/><line number="233" hits="12"/><line number="237" hits="19"/><line number="238" hits="8"/><line number="239" hits="0"/><line number="242" hits="8"/><line number="243" hits="9"/><line number="246" hits="8"/><line number="247" hits="8"/><line number="248" hits="24"/><line number="249" hits="8"/><line number="251" hits="0"/><line number="255" hits="27"/><line number="256" hits="0"/><line number="258" hits="16"/><line number="261" hits="8"/><line number="262" hits="8"/><line number="263" hits="30"/><line number="264" hits="0"/><line number="266" hits="8"/><line number="267" hits="24"/><line number="270" hits="16"/><line number="271" hits="0"/><line number="273" hits="16"/><line number="275" hits="27"/><line number="278" hits="16"/><line number="280" hits="8"/><line number="281" hits="0"/><line number="282" hits="30"/><line number="283" hits="30"/><line number="284" hits="0"/><line number="285" hits="11"/><line number="291" hits="8"/><line number="292" hits="8"/><line number="293" hits="19"/><line number="294" hits="16"/><line number="296" hits="8"/><line number="297" hits="2"/><line number="298" hits="4"/><line number="299" hits="2"/><line number="300" hits="4"/><line number="301" hits="2"/><line number="302" hits="10"/><line number="303" hits="3"/><line number="304" hits="3"/><line number="306" hits="3"/><line number="308" hits="13"/><line number="309" hits="11"/><line number="311" hits="0"/><line number="314" hits="0"/><line number="317" hits="8"/><line number="322" hits="12"/><line number="323" hits="13"/><line number="324" hits="12"/><line number="326" hits="3"/><line number="330" hits="1"/><line number="331" hits="2"/><line number="332" hits="2"/><line number="333" hits="1"/><line number="336" hits="1"/><line number="337" hits="2"/><line number="339" hits="1"/><line number="341" hits="1"/><line number="345" hits="1"/><line number="346" hits="1"/><line number="347" hits="1"/><line number="348" hits="0"/><line number="349" hits="0"/><line number="351" hits="0"/><line number="353" hits="0"/><line number="354" hits="0"/><line number="355" hits="0"/><line number="356" hits="0"/><line number="358" hits="0"/><line number="361" hits="0"/><line number="362" hits="0"/><line number="363" hits="0"/><line number="366" hits="0"/><line number="369" hits="1"/><line number="370" hits="2"/><line number="371" hits="4"/><line number="372" hits="4"/><line number="373" hits="1"/><line number="374" hits="0"/><line number="375" hits="3"/><line number="379" hits="1"/><line number="382" hits="1"/><line number="383" hits="3"/><line number="386" hits="1"/><line number="387" hits="1"/><line number="388" hits="1"/><line number="389" hits="2"/><line number="390" hits="2"/><line number="392" hits="2"/><line number="393" hits="0"/><line number="394" hits="0"/><line number="398" hits="1"/><line number="401" hits="1"/><line number="402" hits="2"/><line number="403" hits="2"/><line number="404" hits="3"/><line number="406" hits="2"/><line number="408" hits="2"/><line number="409" hits="3"/><line number="414" hits="2"/><line number="418" hits="4"/><line number="419" hits="2"/><line number="421" hits="1"/><line number="424" hits="0"/><line number="426" hits="0"/><line number="427" hits="0"/><line number="428" hits="0"/><line number="432" hits="0"/><line number="433" hits="0"/><line number="436" hits="0"/><line number="437" hits="0"/><line number="439" hits="0"/><line number="440" hits="0"/><line number="443" hits="0"/><line number="444" hits="0"/><line number="446" hits="0"/><line number="447" hits="0"/><line number="448" hits="0"/><line number="452" hits="0"/><line number="453" hits="0"/><line number="455" hits="0"/><line number="456" hits="0"/><line number="458" hits="0"/><line number="459" hits="0"/><line number="461" hits="0"/><line number="462" hits="0"/><line number="463" hits="0"/><line number="466" hits="0"/><line number="469" hits="0"/><line number="470" hits="0"/><line number="471" hits="0"/><line number="472" hits="0"/><line number="473" hits="0"/><line number="477" hits="0"/><line number="478" hits="0"/><line number="479" hits="0"/><line number="480" hits="0"/><line number="481" hits="0"/><line number="482" hits="0"/><line number="489" hits="0"/><line number="490" hits="0"/><line number="492" hits="0"/><line number="493" hits="0"/><line number="494" hits="0"/><line number="495" hits="0"/><line number="498" hits="0"/><line number="499" hits="0"/><line number="501" hits="0"/><line number="504" hits="1"/><line number="505" hits="2"/><line number="506" hits="0"/><line number="507" hits="1"/><line number="508" hits="1"/><line number="510" hits="12"/><line number="511" hits="0"/><line number="517" hits="1"/><line number="518" hits="24"/><line number="519" hits="12"/><line number="520" hits="2"/><line number="521" hits="0"/><line number="522" hits="22"/><line number="526" hits="1"/><line number="529" hits="1"/><line number="530" hits="2"/><line number="531" hits="0"/><line number="532" hits="1"/><line number="533" hits="1"/><line number="534" hits="1"/><line number="536" hits="1"/><line number="537" hits="3"/><line number="538" hits="2"/><line number="539" hits="0"/><line number="541" hits="2"/><line number="543" hits="3"/><line number="544" hits="0"/><line number="545" hits="0"/><line number="548" hits="1"/><line number="551" hits="0"/><line number="552" hits="0"/><line number="553" hits="0"/><line number="554" hits="0"/><line number="555" hits="0"/><line number="556" hits="0"/><line number="559" hits="0"/><line number="562" hits="0"/><line number="563" hits="0"/><line number="565" hits="0"/><line number="567" hits="0"/><line number="570" hits="0"/><line number="571" hits="0"/><line number="573" hits="0"/><line number="574" hits="0"/><line number="575" hits="0"/><line number="579" hits="0"/><line number="580" hits="0"/><line number="583" hits="0"/><line number="584" hits="0"/><line number="585" hits="0"/><line number="589" hits="0"/><line number="590" hits="0"/><line number="591" hits="0"/><line number="592" hits="0"/><line number="595" hits="11"/><line number="596" hits="11"/><line number="597" hits="11"/><line number="598" hits="0"/><line number="600" hits="0"/><line number="603" hits="1"/><line number="605" hits="3"/><line number="606" hits="0"/><line number="607" hits="1"/><line number="608" hits="4"/><line number="610" hits="1"/><line number="611" hits="1"/><line number="612" hits="0"/><line number="616" hits="1"/><line number="617" hits="0"/><line number="618" hits="0"/><line number="619" hits="0"/><line number="620" hits="0"/><line number="621" hits="11"/><line number="628" hits="2"/><line number="629" hits="12"/><line number="630" hits="1"/><line number="631" hits="1"/><line number="632" hits="1"/><line number="634" hits="1"/><line number="637" hits="1"/><line number="645" hits="3"/><line number="646" hits="0"/><line number="647" hits="1"/><line number="648" hits="4"/><line number="649" hits="1"/><line number="652" hits="1"/><line number="653" hits="1"/><line number="654" hits="2"/><line number="655" hits="1"/><line number="656" hits="2"/><line number="659" hits="1"/><line number="660" hits="1"/><line number="661" hits="1"/><line number="664" hits="1"/><line number="665" hits="0"/><line number="667" hits="1"/><line number="670" hits="2"/><line number="673" hits="2"/><line number="674" hits="1"/><line number="675" hits="0"/><line number="678" hits="1"/><line number="679" hits="0"/><line number="680" hits="0"/><line number="681" hits="0"/><line number="682" hits="0"/><line number="683" hits="0"/><line number="690" hits="1"/><line number="691" hits="1"/><line number="692" hits="1"/><line number="693" hits="1"/><line number="694" hits="1"/><line number="696" hits="1"/><line number="699" hits="0"/><line number="701" hits="0"/><line number="702" hits="9"/><line number="703" hits="0"/><line number="704" hits="0"/><line number="707" hits="3"/><line number="708" hits="9"/><line number="709" hits="0"/><line number="710" hits="0"/><line number="713" hits="0"/><line number="714" hits="0"/><line number="715" hits="0"/><line number="716" hits="0"/><line number="721" hits="0"/><line number="722" hits="0"/><line number="725" hits="9"/><line number="728" hits="0"/><line number="729" hits="0"/><line number="731" hits="0"/><line number="732" hits="0"/><line number="734" hits="0"/><line number="737" hits="0"/><line number="740" hits="1"/><line number="741" hits="1"/><line number="744" hits="2"/><line number="745" hits="2"/><line number="746" hits="1"/><line number="747" hits="2"/><line number="748" hits="0"/><line number="749" hits="1"/><line number="755" hits="1"/><line number="756" hits="2"/><line number="757" hits="3"/><line number="758" hits="2"/><line number="761" hits="1"/><line number="762" hits="2"/><line number="763" hits="1"/><line number="764" hits="0"/><line number="765" hits="0"/><line number="771" hits="1"/><line number="772" hits="8"/><line number="773" hits="0"/><line number="774" hits="0"/><line number="775" hits="3"/><line number="776" hits="0"/><line number="782" hits="2"/><line number="783" hits="0"/><line number="785" hits="1"/><line number="789" hits="1"/><line number="790" hits="1"/><line number="793" hits="1"/><line number="794" hits="2"/><line number="795" hits="2"/><line number="797" hits="1"/><line number="798" hits="2"/><line number="799" hits="0"/><line number="800" hits="0"/><line number="804" hits="1"/><line number="805" hits="2"/><line number="806" hits="1"/><line number="807" hits="1"/><line number="808" hits="3"/><line number="809" hits="1"/><line number="813" hits="2"/><line number="814" hits="0"/><line number="816" hits="1"/><line number="820" hits="1"/><line number="821" hits="1"/><line number="822" hits="0"/><line number="826" hits="1"/><line number="827" hits="1"/><line number="830" hits="1"/><line number="831" hits="2"/><line number="832" hits="0"/><line number="837" hits="2"/><line number="838" hits="5"/><line number="839" hits="1"/><line number="844" hits="1"/><line number="845" hits="1"/><line number="846" hits="1"/><line number="849" hits="1"/><line number="850" hits="2"/><line number="851" hits="1"/><line number="852" hits="2"/><line number="857" hits="4"/><line number="858" hits="5"/><line number="859" hits="1"/><line number="860" hits="16"/><line number="861" hits="1"/><line number="867" hits="1"/><line number="868" hits="1"/><line number="871" hits="3"/><line number="872" hits="0"/><line number="875" hits="0"/><line number="876" hits="3"/><line number="878" hits="0"/><line number="882" hits="0"/><line number="883" hits="0"/><line number="884" hits="0"/><line number="885" hits="0"/><line number="886" hits="3"/><line number="887" hits="0"/><line number="888" hits="0"/><line number="890" hits="0"/><line number="891" hits="0"/><line number="892" hits="0"/><line number="894" hits="3"/><line number="897" hits="0"/><line number="901" hits="3"/><line number="902" hits="0"/><line number="903" hits="0"/><line number="904" hits="0"/><line number="908" hits="0"/><line number="909" hits="0"/><line number="910" hits="0"/><line number="911" hits="0"/><line number="912" hits="0"/><line number="913" hits="3"/><line number="914" hits="3"/><line number="915" hits="3"/><line number="916" hits="0"/><line number="917" hits="0"/><line number="918" hits="0"/><line number="919" hits="0"/><line number="922" hits="0"/><line number="925" hits="0"/><line number="926" hits="0"/><line number="927" hits="0"/><line number="928" hits="0"/><line number="932" hits="0"/><line number="933" hits="0"/><line number="935" hits="0"/><line number="939" hits="0"/><line number="940" hits="0"/><line number="945" hits="0"/><line number="947" hits="0"/><line number="948" hits="0"/><line number="949" hits="0"/><line number="950" hits="0"/><line number="952" hits="0"/><line number="954" hits="0"/><line number="955" hits="0"/><line number="956" hits="0"/><line number="957" hits="0"/><line number="959" hits="0"/><line number="960" hits="0"/><line number="964" hits="0"/><line number="965" hits="0"/><line number="966" hits="0"/><line number="967" hits="0"/><line number="968" hits="0"/><line number="969" hits="0"/><line number="970" hits="0"/><line number="972" hits="0"/><line number="973" hits="0"/><line number="977" hits="0"/><line number="978" hits="0"/><line number="979" hits="0"/><line number="980" hits="0"/><line number="981" hits="0"/><line number="982" hits="0"/><line number="983" hits="0"/><line number="985" hits="0"/><line number="988" hits="0"/><line number="990" hits="0"/><line number="991" hits="0"/><line number="992" hits="0"/><line number="993" hits="0"/><line number="994" hits="0"/><line number="995" hits="0"/><line number="996" hits="0"/><line number="998" hits="0"/><line number="999" hits="0"/><line number="1003" hits="0"/><line number="1009" hits="0"/><line number="1010" hits="0"/><line number="1012" hits="0"/><line number="1013" hits="0"/><line number="1014" hits="0"/><line number="1015" hits="0"/><line number="1016" hits="0"/><line number="1017" hits="0"/><line number="1019" hits="0"/><line number="1020" hits="0"/><line number="1022" hits="0"/><line number="1024" hits="0"/><line number="1026" hits="0"/><line number="1027" hits="0"/><line number="1031" hits="0"/><line number="1032" hits="0"/><line number="1033" hits="0"/><line number="1034" hits="0"/><line number="1035" hits="0"/><line number="1037" hits="0"/><line number="1038" hits="0"/><line number="1040" hits="0"/><line number="1042" hits="3"/><line number="1043" hits="3"/><line number="1044" hits="0"/><line number="1049" hits="0"/><line number="1050" hits="3"/><line number="1051" hits="0"/><line number="1053" hits="0"/><line number="1054" hits="0"/><line number="1055" hits="0"/><line number="1056" hits="0"/><line number="1058" hits="0"/><line number="1059" hits="0"/><line number="1061" hits="0"/><line number="1063" hits="0"/><line number="1064" hits="0"/><line number="1065" hits="0"/><line number="1067" hits="0"/><line number="1068" hits="0"/><line number="1069" hits="0"/><line number="1070" hits="0"/><line number="1071" hits="0"/><line number="1073" hits="0"/><line number="1074" hits="0"/><line number="1076" hits="3"/><line number="1078" hits="3"/><line number="1085" hits="0"/><line number="1086" hits="0"/><line number="1089" hits="0"/><line number="1091" hits="0"/><line number="1092" hits="0"/><line number="1093" hits="0"/><line number="1094" hits="0"/><line number="1096" hits="0"/><line number="1097" hits="0"/><line number="1098" hits="0"/><line number="1100" hits="0"/><line number="1101" hits="0"/><line number="1103" hits="0"/><line number="1105" hits="0"/><line number="1106" hits="0"/><line number="1107" hits="0"/><line number="1109" hits="0"/><line number="1110" hits="0"/><line number="1111" hits="0"/><line number="1112" hits="0"/><line number="1114" hits="0"/><line number="1115" hits="0"/><line number="1117" hits="0"/><line number="1119" hits="0"/><line number="1120" hits="0"/><line number="1121" hits="0"/><line number="1123" hits="0"/><line number="1124" hits="0"/><line number="1125" hits="0"/><line number="1126" hits="0"/><line number="1128" hits="0"/><line number="1129" hits="0"/><line number="1131" hits="0"/><line number="1133" hits="0"/><line number="1134" hits="0"/><line number="1135" hits="0"/><line number="1137" hits="0"/><line number="1138" hits="0"/><line number="1139" hits="0"/><line number="1140" hits="0"/><line number="1141" hits="0"/><line number="1143" hits="0"/><line number="1146" hits="0"/><line number="1147" hits="0"/><line number="1148" hits="0"/><line number="1149" hits="0"/><line number="1151" hits="0"/><line number="1152" hits="0"/><line number="1157" hits="0"/><line number="1158" hits="0"/><line number="1159" hits="0"/><line number="1160" hits="0"/><line number="1161" hits="0"/><line number="1162" hits="0"/><line number="1164" hits="0"/><line number="1165" hits="0"/><line number="1169" hits="0"/><line number="1170" hits="0"/><line number="1171" hits="0"/><line number="1175" hits="0"/></lines></class><class name="main" filename="src/main.rs" line-rate="0" branch-rate="0" complexity="0"><methods/><lines><line number="4" hits="0"/><line number="5" hits="0"/><line number="6" hits="0"/></lines></class><class name="ui" filename="src/ui.rs" line-rate="1" branch-rate="0" complexity="0"><methods/><lines><line number="22" hits="1"/><line number="24" hits="1"/><line number="26" hits="1"/><line number="29" hits="1"/><line number="32" hits="1"/><line number="33" hits="1"/><line number="34" hits="1"/><line number="38" hits="1"/><line number="39" hits="1"/><line number="40" hits="1"/><line number="46" hits="1"/><line number="47" hits="2"/><line number="48" hits="1"/><line number="53" hits="1"/><line number="54" hits="2"/><line number="55" hits="1"/><line number="60" hits="1"/><line number="61" hits="1"/><line number="62" hits="2"/><line number="66" hits="1"/><line number="67" hits="2"/><line number="68" hits="1"/><line number="73" hits="1"/><line number="75" hits="1"/><line number="76" hits="1"/><line number="78" hits="1"/><line number="79" hits="2"/><line number="80" hits="1"/><line number="96" hits="1"/><line number="97" hits="1"/><line number="98" hits="1"/><line number="99" hits="1"/><line number="100" hits="1"/><line number="102" hits="1"/><line number="103" hits="1"/><line number="108" hits="1"/><line number="109" hits="2"/><line number="110" hits="1"/><line number="115" hits="1"/><line number="116" hits="2"/><line number="117" hits="1"/><line number="122" hits="1"/><line number="123" hits="1"/><line number="127" hits="1"/><line number="128" hits="2"/><line number="129" hits="1"/><line number="134" hits="1"/><line number="135" hits="1"/><line number="136" hits="1"/><line number="138" hits="1"/><line number="139" hits="2"/><line number="140" hits="1"/></lines></class></classes></package><package name="benches" line-rate="0" branch-rate="0" complexity="0"><classes></classes></package></packages></coverage>